<?xml version="1.0" encoding="UTF-8"?>
<!-- Generated by org.testng.reporters.JUnitReportReporter -->
<testsuite skipped="0" hostname="LT-MBP-068.local" name="com.lambdatest.TestNGTodo5" tests="1" failures="0" timestamp="16 Mar 2023 09:49:41 GMT" time="13.733" errors="0">
  <testcase name="basicTest" time="13.733" classname="com.lambdatest.TestNGTodo5"/>
</testsuite> <!-- com.lambdatest.TestNGTodo5 -->
